[13Jul2025 00:00:07.438] [Server thread/INFO] [net.minecraft.server.MinecraftServer/]: Stopping the server
[13Jul2025 00:00:07.463] [Server thread/INFO] [net.minecraft.server.MinecraftServer/]: Stopping server
[13Jul2025 00:00:07.464] [Server thread/INFO] [net.minecraft.server.MinecraftServer/]: Saving players
[13Jul2025 00:00:07.471] [Server thread/INFO] [net.minecraft.server.MinecraftServer/]: Saving worlds
[13Jul2025 00:00:08.317] [Server thread/INFO] [net.minecraft.server.MinecraftServer/]: Saving chunks for level 'ServerLevel[world]'/minecraft:overworld
[13Jul2025 00:00:10.856] [Server thread/INFO] [net.minecraft.server.MinecraftServer/]: Saving chunks for level 'ServerLevel[world]'/minecraft:the_end
[13Jul2025 00:00:10.858] [Server thread/INFO] [net.minecraft.server.MinecraftServer/]: Saving chunks for level 'ServerLevel[world]'/minecraft:the_nether
[13Jul2025 00:00:10.861] [Server thread/INFO] [net.minecraft.server.MinecraftServer/]: Saving chunks for level 'ServerLevel[world]'/itsnotreal:its_your_fault
[13Jul2025 00:00:10.866] [Server thread/INFO] [net.minecraft.server.MinecraftServer/]: Saving chunks for level 'ServerLevel[world]'/no_moon:core_77
[13Jul2025 00:00:10.868] [Server thread/INFO] [net.minecraft.server.MinecraftServer/]: Saving chunks for level 'ServerLevel[world]'/itsnotreal:itsnotreal_dimension
[13Jul2025 00:00:10.870] [Server thread/INFO] [net.minecraft.server.MinecraftServer/]: Saving chunks for level 'ServerLevel[world]'/no_moon:lost
[13Jul2025 00:00:10.873] [Server thread/INFO] [net.minecraft.server.MinecraftServer/]: Saving chunks for level 'ServerLevel[world]'/no_moon:bedrock
[13Jul2025 00:00:10.875] [Server thread/INFO] [net.minecraft.server.MinecraftServer/]: Saving chunks for level 'ServerLevel[world]'/no_moon:alone_forever
[13Jul2025 00:00:10.876] [Server thread/INFO] [surveyor/]: [Surveyor] Saving server data...
[13Jul2025 00:00:10.969] [Server thread/INFO] [surveyor/]: [Surveyor] Finished saving data for minecraft:overworld | cleaned 4 terrain regions, 0 structure regions, 0 landmarks
[13Jul2025 00:00:10.970] [Server thread/INFO] [surveyor/]: [Surveyor] Finished saving server data.
[13Jul2025 00:00:10.991] [Server thread/INFO] [net.minecraft.server.MinecraftServer/]: ThreadedAnvilChunkStorage (world): All chunks are saved
[13Jul2025 00:00:10.991] [Server thread/INFO] [net.minecraft.server.MinecraftServer/]: ThreadedAnvilChunkStorage (DIM1): All chunks are saved
[13Jul2025 00:00:10.991] [Server thread/INFO] [net.minecraft.server.MinecraftServer/]: ThreadedAnvilChunkStorage (DIM-1): All chunks are saved
[13Jul2025 00:00:10.992] [Server thread/INFO] [net.minecraft.server.MinecraftServer/]: ThreadedAnvilChunkStorage (its_your_fault): All chunks are saved
[13Jul2025 00:00:10.992] [Server thread/INFO] [net.minecraft.server.MinecraftServer/]: ThreadedAnvilChunkStorage (core_77): All chunks are saved
[13Jul2025 00:00:10.992] [Server thread/INFO] [net.minecraft.server.MinecraftServer/]: ThreadedAnvilChunkStorage (itsnotreal_dimension): All chunks are saved
[13Jul2025 00:00:10.992] [Server thread/INFO] [net.minecraft.server.MinecraftServer/]: ThreadedAnvilChunkStorage (lost): All chunks are saved
[13Jul2025 00:00:10.992] [Server thread/INFO] [net.minecraft.server.MinecraftServer/]: ThreadedAnvilChunkStorage (bedrock): All chunks are saved
[13Jul2025 00:00:10.992] [Server thread/INFO] [net.minecraft.server.MinecraftServer/]: ThreadedAnvilChunkStorage (alone_forever): All chunks are saved
[13Jul2025 00:00:10.992] [Server thread/INFO] [net.minecraft.server.MinecraftServer/]: ThreadedAnvilChunkStorage: All dimensions are saved
